#! 
:ivl_version "14.0 (devel)" "(s20251012-225-g73ae5bd1d-dirty)";
:ivl_delay_selection "TYPICAL";
:vpi_time_precision + 0;
:vpi_module "/Users/seinokaimu/oss-cad-suite/lib/ivl/system.vpi";
:vpi_module "/Users/seinokaimu/oss-cad-suite/lib/ivl/vhdl_sys.vpi";
:vpi_module "/Users/seinokaimu/oss-cad-suite/lib/ivl/vhdl_textio.vpi";
:vpi_module "/Users/seinokaimu/oss-cad-suite/lib/ivl/v2005_math.vpi";
:vpi_module "/Users/seinokaimu/oss-cad-suite/lib/ivl/va_math.vpi";
S_0x102cb80b0 .scope module, "alu_tb" "alu_tb" 2 1;
 .timescale 0 0;
v0xc9f054dc0_0 .var "f", 0 0;
v0xc9f054e60_0 .net "ng", 0 0, L_0xc9f040820;  1 drivers
v0xc9f054f00_0 .var "no", 0 0;
v0xc9f054fa0_0 .var "nx", 0 0;
v0xc9f055040_0 .var "ny", 0 0;
v0xc9f0550e0_0 .net "out", 15 0, L_0xc9f040640;  1 drivers
v0xc9f055180_0 .var "x", 15 0;
v0xc9f055220_0 .var "y", 15 0;
v0xc9f0552c0_0 .net "zr", 0 0, L_0xc9f040780;  1 drivers
v0xc9f055360_0 .var "zx", 0 0;
v0xc9f055400_0 .var "zy", 0 0;
S_0x102cb4df0 .scope module, "dut" "alu" 2 12, 3 1 0, S_0x102cb80b0;
 .timescale 0 0;
    .port_info 0 /INPUT 16 "x";
    .port_info 1 /INPUT 16 "y";
    .port_info 2 /INPUT 1 "zx";
    .port_info 3 /INPUT 1 "nx";
    .port_info 4 /INPUT 1 "zy";
    .port_info 5 /INPUT 1 "ny";
    .port_info 6 /INPUT 1 "f";
    .port_info 7 /INPUT 1 "no";
    .port_info 8 /OUTPUT 16 "out";
    .port_info 9 /OUTPUT 1 "zr";
    .port_info 10 /OUTPUT 1 "ng";
L_0x102cc0390 .functor NOT 16, L_0xc9f040320, C4<0000000000000000>, C4<0000000000000000>, C4<0000000000000000>;
L_0x102cc0400 .functor NOT 16, L_0xc9f040460, C4<0000000000000000>, C4<0000000000000000>, C4<0000000000000000>;
L_0x102cbf2e0 .functor AND 16, L_0xc9f0403c0, L_0xc9f040500, C4<1111111111111111>, C4<1111111111111111>;
L_0x102cbf350 .functor NOT 16, L_0xc9f0405a0, C4<0000000000000000>, C4<0000000000000000>, C4<0000000000000000>;
L_0xc9f454010 .functor BUFT 1, C4<0000000000000000>, C4<0>, C4<0>, C4<0>;
v0x102cb8290_0 .net/2u *"_ivl_0", 15 0, L_0xc9f454010;  1 drivers
v0x102cc0010_0 .net *"_ivl_12", 15 0, L_0x102cc0400;  1 drivers
v0x102cc00b0_0 .net *"_ivl_16", 15 0, L_0x102cbf240;  1 drivers
v0x102cc0150_0 .net *"_ivl_18", 15 0, L_0x102cbf2e0;  1 drivers
v0x102cc01f0_0 .net *"_ivl_22", 15 0, L_0x102cbf350;  1 drivers
L_0xc9f4540a0 .functor BUFT 1, C4<0000000000000000>, C4<0>, C4<0>, C4<0>;
v0xc9f054000_0 .net/2u *"_ivl_26", 15 0, L_0xc9f4540a0;  1 drivers
v0xc9f0540a0_0 .net *"_ivl_28", 0 0, L_0xc9f0406e0;  1 drivers
L_0xc9f4540e8 .functor BUFT 1, C4<1>, C4<0>, C4<0>, C4<0>;
v0xc9f054140_0 .net/2u *"_ivl_30", 0 0, L_0xc9f4540e8;  1 drivers
L_0xc9f454130 .functor BUFT 1, C4<0>, C4<0>, C4<0>, C4<0>;
v0xc9f0541e0_0 .net/2u *"_ivl_32", 0 0, L_0xc9f454130;  1 drivers
v0xc9f054280_0 .net *"_ivl_4", 15 0, L_0x102cc0390;  1 drivers
L_0xc9f454058 .functor BUFT 1, C4<0000000000000000>, C4<0>, C4<0>, C4<0>;
v0xc9f054320_0 .net/2u *"_ivl_8", 15 0, L_0xc9f454058;  1 drivers
v0xc9f0543c0_0 .net "f", 0 0, v0xc9f054dc0_0;  1 drivers
v0xc9f054460_0 .net "fxy", 15 0, L_0xc9f0405a0;  1 drivers
v0xc9f054500_0 .net "ng", 0 0, L_0xc9f040820;  alias, 1 drivers
v0xc9f0545a0_0 .net "no", 0 0, v0xc9f054f00_0;  1 drivers
v0xc9f054640_0 .net "nx", 0 0, v0xc9f054fa0_0;  1 drivers
v0xc9f0546e0_0 .net "ny", 0 0, v0xc9f055040_0;  1 drivers
v0xc9f054780_0 .net "out", 15 0, L_0xc9f040640;  alias, 1 drivers
v0xc9f054820_0 .net "x", 15 0, v0xc9f055180_0;  1 drivers
v0xc9f0548c0_0 .net "x1", 15 0, L_0xc9f040320;  1 drivers
v0xc9f054960_0 .net "x2", 15 0, L_0xc9f0403c0;  1 drivers
v0xc9f054a00_0 .net "y", 15 0, v0xc9f055220_0;  1 drivers
v0xc9f054aa0_0 .net "y1", 15 0, L_0xc9f040460;  1 drivers
v0xc9f054b40_0 .net "y2", 15 0, L_0xc9f040500;  1 drivers
v0xc9f054be0_0 .net "zr", 0 0, L_0xc9f040780;  alias, 1 drivers
v0xc9f054c80_0 .net "zx", 0 0, v0xc9f055360_0;  1 drivers
v0xc9f054d20_0 .net "zy", 0 0, v0xc9f055400_0;  1 drivers
L_0xc9f040320 .functor MUXZ 16, v0xc9f055180_0, L_0xc9f454010, v0xc9f055360_0, C4<>;
L_0xc9f0403c0 .functor MUXZ 16, L_0xc9f040320, L_0x102cc0390, v0xc9f054fa0_0, C4<>;
L_0xc9f040460 .functor MUXZ 16, v0xc9f055220_0, L_0xc9f454058, v0xc9f055400_0, C4<>;
L_0xc9f040500 .functor MUXZ 16, L_0xc9f040460, L_0x102cc0400, v0xc9f055040_0, C4<>;
L_0x102cbf240 .arith/sum 16, L_0xc9f0403c0, L_0xc9f040500;
L_0xc9f0405a0 .functor MUXZ 16, L_0x102cbf2e0, L_0x102cbf240, v0xc9f054dc0_0, C4<>;
L_0xc9f040640 .functor MUXZ 16, L_0xc9f0405a0, L_0x102cbf350, v0xc9f054f00_0, C4<>;
L_0xc9f0406e0 .cmp/eq 16, L_0xc9f040640, L_0xc9f4540a0;
L_0xc9f040780 .functor MUXZ 1, L_0xc9f454130, L_0xc9f4540e8, L_0xc9f0406e0, C4<>;
L_0xc9f040820 .part L_0xc9f040640, 15, 1;
    .scope S_0x102cb80b0;
T_0 ;
    %vpi_call 2 19 "$dumpfile", "alu_tb.vcd" {0 0 0};
    %vpi_call 2 20 "$dumpvars", 32'sb00000000000000000000000000000000, S_0x102cb80b0 {0 0 0};
    %pushi/vec4 5, 0, 16;
    %store/vec4 v0xc9f055180_0, 0, 16;
    %pushi/vec4 3, 0, 16;
    %store/vec4 v0xc9f055220_0, 0, 16;
    %pushi/vec4 42, 0, 6;
    %split/vec4 1;
    %store/vec4 v0xc9f054f00_0, 0, 1;
    %split/vec4 1;
    %store/vec4 v0xc9f054dc0_0, 0, 1;
    %split/vec4 1;
    %store/vec4 v0xc9f055040_0, 0, 1;
    %split/vec4 1;
    %store/vec4 v0xc9f055400_0, 0, 1;
    %split/vec4 1;
    %store/vec4 v0xc9f054fa0_0, 0, 1;
    %store/vec4 v0xc9f055360_0, 0, 1;
    %delay 1, 0;
    %vpi_call 2 29 "$display", "Test 1: 0 \345\207\272\345\212\233 \342\206\222 out=%h zr=%b ng=%b (expected 0000)", v0xc9f0550e0_0, v0xc9f0552c0_0, v0xc9f054e60_0 {0 0 0};
    %pushi/vec4 63, 0, 6;
    %split/vec4 1;
    %store/vec4 v0xc9f054f00_0, 0, 1;
    %split/vec4 1;
    %store/vec4 v0xc9f054dc0_0, 0, 1;
    %split/vec4 1;
    %store/vec4 v0xc9f055040_0, 0, 1;
    %split/vec4 1;
    %store/vec4 v0xc9f055400_0, 0, 1;
    %split/vec4 1;
    %store/vec4 v0xc9f054fa0_0, 0, 1;
    %store/vec4 v0xc9f055360_0, 0, 1;
    %delay 1, 0;
    %vpi_call 2 34 "$display", "Test 2: 1 \345\207\272\345\212\233 \342\206\222 out=%h zr=%b ng=%b (expected 0001)", v0xc9f0550e0_0, v0xc9f0552c0_0, v0xc9f054e60_0 {0 0 0};
    %pushi/vec4 58, 0, 6;
    %split/vec4 1;
    %store/vec4 v0xc9f054f00_0, 0, 1;
    %split/vec4 1;
    %store/vec4 v0xc9f054dc0_0, 0, 1;
    %split/vec4 1;
    %store/vec4 v0xc9f055040_0, 0, 1;
    %split/vec4 1;
    %store/vec4 v0xc9f055400_0, 0, 1;
    %split/vec4 1;
    %store/vec4 v0xc9f054fa0_0, 0, 1;
    %store/vec4 v0xc9f055360_0, 0, 1;
    %delay 1, 0;
    %vpi_call 2 39 "$display", "Test 3: -1 \345\207\272\345\212\233 \342\206\222 out=%h zr=%b ng=%b (expected FFFF)", v0xc9f0550e0_0, v0xc9f0552c0_0, v0xc9f054e60_0 {0 0 0};
    %pushi/vec4 12, 0, 6;
    %split/vec4 1;
    %store/vec4 v0xc9f054f00_0, 0, 1;
    %split/vec4 1;
    %store/vec4 v0xc9f054dc0_0, 0, 1;
    %split/vec4 1;
    %store/vec4 v0xc9f055040_0, 0, 1;
    %split/vec4 1;
    %store/vec4 v0xc9f055400_0, 0, 1;
    %split/vec4 1;
    %store/vec4 v0xc9f054fa0_0, 0, 1;
    %store/vec4 v0xc9f055360_0, 0, 1;
    %delay 1, 0;
    %vpi_call 2 44 "$display", "Test 4: x \345\207\272\345\212\233 \342\206\222 out=%h zr=%b ng=%b (expected x)", v0xc9f0550e0_0, v0xc9f0552c0_0, v0xc9f054e60_0 {0 0 0};
    %pushi/vec4 2, 0, 6;
    %split/vec4 1;
    %store/vec4 v0xc9f054f00_0, 0, 1;
    %split/vec4 1;
    %store/vec4 v0xc9f054dc0_0, 0, 1;
    %split/vec4 1;
    %store/vec4 v0xc9f055040_0, 0, 1;
    %split/vec4 1;
    %store/vec4 v0xc9f055400_0, 0, 1;
    %split/vec4 1;
    %store/vec4 v0xc9f054fa0_0, 0, 1;
    %store/vec4 v0xc9f055360_0, 0, 1;
    %delay 1, 0;
    %vpi_call 2 49 "$display", "Test 5: x+y \345\207\272\345\212\233 \342\206\222 out=%h zr=%b ng=%b (expected x+y)", v0xc9f0550e0_0, v0xc9f0552c0_0, v0xc9f054e60_0 {0 0 0};
    %pushi/vec4 0, 0, 6;
    %split/vec4 1;
    %store/vec4 v0xc9f054f00_0, 0, 1;
    %split/vec4 1;
    %store/vec4 v0xc9f054dc0_0, 0, 1;
    %split/vec4 1;
    %store/vec4 v0xc9f055040_0, 0, 1;
    %split/vec4 1;
    %store/vec4 v0xc9f055400_0, 0, 1;
    %split/vec4 1;
    %store/vec4 v0xc9f054fa0_0, 0, 1;
    %store/vec4 v0xc9f055360_0, 0, 1;
    %delay 1, 0;
    %vpi_call 2 54 "$display", "Test 6: x&y \345\207\272\345\212\233 \342\206\222 out=%h zr=%b ng=%b (expected x&y)", v0xc9f0550e0_0, v0xc9f0552c0_0, v0xc9f054e60_0 {0 0 0};
    %vpi_call 2 56 "$finish" {0 0 0};
    %end;
    .thread T_0;
# The file index is used to find the file name in the following table.
:file_names 4;
    "N/A";
    "<interactive>";
    "alu_tb.v";
    "alu.v";
