#! 
:ivl_version "14.0 (devel)" "(s20251012-225-g73ae5bd1d-dirty)";
:ivl_delay_selection "TYPICAL";
:vpi_time_precision + 0;
:vpi_module "/Users/seinokaimu/oss-cad-suite/lib/ivl/system.vpi";
:vpi_module "/Users/seinokaimu/oss-cad-suite/lib/ivl/vhdl_sys.vpi";
:vpi_module "/Users/seinokaimu/oss-cad-suite/lib/ivl/vhdl_textio.vpi";
:vpi_module "/Users/seinokaimu/oss-cad-suite/lib/ivl/v2005_math.vpi";
:vpi_module "/Users/seinokaimu/oss-cad-suite/lib/ivl/va_math.vpi";
S_0x1029a7040 .scope module, "rom_tb" "rom_tb" 2 1;
 .timescale 0 0;
v0x1029abce0_0 .var "addr", 11 0;
v0x1029abd80_0 .var "clk", 0 0;
v0x1029abe20_0 .net "instruction", 15 0, v0x1029abba0_0;  1 drivers
S_0x1029a3730 .scope module, "dut" "rom" 2 7, 3 1 0, S_0x1029a7040;
 .timescale 0 0;
    .port_info 0 /INPUT 1 "clk";
    .port_info 1 /INPUT 12 "addr";
    .port_info 2 /OUTPUT 16 "instruction";
v0x1029a38b0_0 .net "addr", 11 0, v0x1029abce0_0;  1 drivers
v0x1029a3950_0 .net "clk", 0 0, v0x1029abd80_0;  1 drivers
v0x1029abba0_0 .var "instruction", 15 0;
v0x1029abc40 .array "mem", 0 4095, 15 0;
E_0x956830480 .event posedge, v0x1029a3950_0;
    .scope S_0x1029a3730;
T_0 ;
    %vpi_call 3 13 "$readmemb", "test.hack", v0x1029abc40 {0 0 0};
    %end;
    .thread T_0;
    .scope S_0x1029a3730;
T_1 ;
    %wait E_0x956830480;
    %load/vec4 v0x1029a38b0_0;
    %pad/u 14;
    %ix/vec4 4;
    %load/vec4a v0x1029abc40, 4;
    %assign/vec4 v0x1029abba0_0, 0;
    %jmp T_1;
    .thread T_1;
    .scope S_0x1029a7040;
T_2 ;
    %pushi/vec4 0, 0, 1;
    %store/vec4 v0x1029abd80_0, 0, 1;
    %end;
    .thread T_2;
    .scope S_0x1029a7040;
T_3 ;
    %delay 5, 0;
    %load/vec4 v0x1029abd80_0;
    %inv;
    %store/vec4 v0x1029abd80_0, 0, 1;
    %jmp T_3;
    .thread T_3;
    .scope S_0x1029a7040;
T_4 ;
    %vpi_call 2 17 "$dumpfile", "rom_tb.vcd" {0 0 0};
    %vpi_call 2 18 "$dumpvars", 32'sb00000000000000000000000000000000, S_0x1029a7040 {0 0 0};
    %pushi/vec4 0, 0, 12;
    %store/vec4 v0x1029abce0_0, 0, 12;
    %delay 10, 0;
    %vpi_call 2 25 "$display", "addr=%d, inst=%h", v0x1029abce0_0, v0x1029abe20_0 {0 0 0};
    %pushi/vec4 1, 0, 12;
    %store/vec4 v0x1029abce0_0, 0, 12;
    %delay 10, 0;
    %vpi_call 2 29 "$display", "addr=%d, inst=%h", v0x1029abce0_0, v0x1029abe20_0 {0 0 0};
    %pushi/vec4 2, 0, 12;
    %store/vec4 v0x1029abce0_0, 0, 12;
    %delay 10, 0;
    %vpi_call 2 33 "$display", "addr=%d, inst=%h", v0x1029abce0_0, v0x1029abe20_0 {0 0 0};
    %pushi/vec4 3, 0, 12;
    %store/vec4 v0x1029abce0_0, 0, 12;
    %delay 10, 0;
    %vpi_call 2 37 "$display", "addr=%d, inst=%h", v0x1029abce0_0, v0x1029abe20_0 {0 0 0};
    %vpi_call 2 39 "$finish" {0 0 0};
    %end;
    .thread T_4;
# The file index is used to find the file name in the following table.
:file_names 4;
    "N/A";
    "<interactive>";
    "rom_tb.v";
    "rom.v";
